<?xml version="1.0" encoding="UTF-8" ?>
<testsuite failures="0" time="1.932" errors="1" skipped="0" tests="1" name="com.amee.provenance.rdf2xmlTest">
  <properties>
[...]
</properties>
  <testcase time="1.907" classname="com.amee.provenance.rdf2xmlTest" name="testConversion1">
    <error type="java.lang.NullPointerException">java.lang.NullPointerException
	at org.openprovenance.elmo.RdfOPMFactory.newRole(RdfOPMFactory.java:311)
	at org.openprovenance.elmo.RdfOPMFactory.newUsed(RdfOPMFactory.java:448)
	at org.openprovenance.elmo.RdfOPMFactory.newOPMGraph(RdfOPMFactory.java:577)
	at com.amee.provenance.AMEEOPMManager.&lt;init&gt;(AMEEOPMManager.java:57)
	at com.amee.provenance.rdf2xmlTest.testConversion1(rdf2xmlTest.java:9)
</error>
    <system-out>Hello! Name: {http://jira.amee.com/browse/ST-50/}graph
</system-out>
    <system-err>log4j:WARN No appenders could be found for logger (org.openrdf.sail.memory.MemoryStore).
log4j:WARN Please initialize the log4j system properly.
</system-err>
  </testcase>
</testsuite>